<?xml version="1.0" encoding="UTF-8"?>
<testsuite xmlns:xsi="http://www.w3.org/2001/XMLSchema-instance" xsi:noNamespaceSchemaLocation="https://maven.apache.org/surefire/maven-surefire-plugin/xsd/surefire-test-report.xsd" name="com.bayer.gcde.AppTest" time="0.029" tests="1" errors="0" skipped="0" failures="0">
  <properties>
    <property name="java.specification.version" value="17"/>
    <property name="sun.jnu.encoding" value="UTF-8"/>
    <property name="java.class.path" value="/Users/sudarshanamelukote/quickstart-dataflow-java/target/test-classes:/Users/sudarshanamelukote/quickstart-dataflow-java/target/classes:/Users/sudarshanamelukote/.m2/repository/junit/junit/4.11/junit-4.11.jar:/Users/sudarshanamelukote/.m2/repository/org/hamcrest/hamcrest-core/1.3/hamcrest-core-1.3.jar:/Users/sudarshanamelukote/.m2/repository/org/apache/beam/beam-runners-google-cloud-dataflow-java/2.35.0/beam-runners-google-cloud-dataflow-java-2.35.0.jar:/Users/sudarshanamelukote/.m2/repository/org/checkerframework/checker-qual/3.10.0/checker-qual-3.10.0.jar:/Users/sudarshanamelukote/.m2/repository/org/apache/beam/beam-vendor-guava-26_0-jre/0.1/beam-vendor-guava-26_0-jre-0.1.jar:/Users/sudarshanamelukote/.m2/repository/org/apache/beam/beam-model-pipeline/2.35.0/beam-model-pipeline-2.35.0.jar:/Users/sudarshanamelukote/.m2/repository/com/google/errorprone/error_prone_annotations/2.4.0/error_prone_annotations-2.4.0.jar:/Users/sudarshanamelukote/.m2/repository/org/conscrypt/conscrypt-openjdk-uber/2.5.1/conscrypt-openjdk-uber-2.5.1.jar:/Users/sudarshanamelukote/.m2/repository/org/apache/beam/beam-sdks-java-core/2.35.0/beam-sdks-java-core-2.35.0.jar:/Users/sudarshanamelukote/.m2/repository/org/apache/beam/beam-model-job-management/2.35.0/beam-model-job-management-2.35.0.jar:/Users/sudarshanamelukote/.m2/repository/org/apache/beam/beam-vendor-bytebuddy-1_11_0/0.1/beam-vendor-bytebuddy-1_11_0-0.1.jar:/Users/sudarshanamelukote/.m2/repository/com/google/code/findbugs/jsr305/3.0.2/jsr305-3.0.2.jar:/Users/sudarshanamelukote/.m2/repository/org/xerial/snappy/snappy-java/1.1.8.4/snappy-java-1.1.8.4.jar:/Users/sudarshanamelukote/.m2/repository/org/apache/beam/beam-sdks-java-extensions-google-cloud-platform-core/2.35.0/beam-sdks-java-extensions-google-cloud-platform-core-2.35.0.jar:/Users/sudarshanamelukote/.m2/repository/org/apache/beam/beam-runners-core-java/2.35.0/beam-runners-core-java-2.35.0.jar:/Users/sudarshanamelukote/.m2/repository/com/google/cloud/bigdataoss/gcsio/2.2.4/gcsio-2.2.4.jar:/Users/sudarshanamelukote/.m2/repository/com/google/api/grpc/grpc-google-cloud-storage-v2/2.0.1-alpha/grpc-google-cloud-storage-v2-2.0.1-alpha.jar:/Users/sudarshanamelukote/.m2/repository/com/google/api/grpc/proto-google-cloud-storage-v2/2.0.1-alpha/proto-google-cloud-storage-v2-2.0.1-alpha.jar:/Users/sudarshanamelukote/.m2/repository/com/google/api/grpc/proto-google-iam-v1/1.1.7/proto-google-iam-v1-1.1.7.jar:/Users/sudarshanamelukote/.m2/repository/com/google/apis/google-api-services-cloudresourcemanager/v1-rev20211017-1.32.1/google-api-services-cloudresourcemanager-v1-rev20211017-1.32.1.jar:/Users/sudarshanamelukote/.m2/repository/org/apache/httpcomponents/httpcore/4.4.14/httpcore-4.4.14.jar:/Users/sudarshanamelukote/.m2/repository/org/apache/httpcomponents/httpclient/4.5.13/httpclient-4.5.13.jar:/Users/sudarshanamelukote/.m2/repository/commons-logging/commons-logging/1.2/commons-logging-1.2.jar:/Users/sudarshanamelukote/.m2/repository/org/apache/beam/beam-sdks-java-io-kafka/2.35.0/beam-sdks-java-io-kafka-2.35.0.jar:/Users/sudarshanamelukote/.m2/repository/org/apache/beam/beam-sdks-java-expansion-service/2.35.0/beam-sdks-java-expansion-service-2.35.0.jar:/Users/sudarshanamelukote/.m2/repository/org/apache/beam/beam-runners-java-fn-execution/2.35.0/beam-runners-java-fn-execution-2.35.0.jar:/Users/sudarshanamelukote/.m2/repository/com/fasterxml/jackson/dataformat/jackson-dataformat-yaml/2.13.0/jackson-dataformat-yaml-2.13.0.jar:/Users/sudarshanamelukote/.m2/repository/org/yaml/snakeyaml/1.28/snakeyaml-1.28.jar:/Users/sudarshanamelukote/.m2/repository/org/springframework/spring-expression/4.3.18.RELEASE/spring-expression-4.3.18.RELEASE.jar:/Users/sudarshanamelukote/.m2/repository/org/springframework/spring-core/4.3.18.RELEASE/spring-core-4.3.18.RELEASE.jar:/Users/sudarshanamelukote/.m2/repository/io/confluent/kafka-avro-serializer/5.3.2/kafka-avro-serializer-5.3.2.jar:/Users/sudarshanamelukote/.m2/repository/io/confluent/common-config/5.3.2/common-config-5.3.2.jar:/Users/sudarshanamelukote/.m2/repository/io/confluent/common-utils/5.3.2/common-utils-5.3.2.jar:/Users/sudarshanamelukote/.m2/repository/com/101tec/zkclient/0.10/zkclient-0.10.jar:/Users/sudarshanamelukote/.m2/repository/io/confluent/kafka-schema-registry-client/5.3.2/kafka-schema-registry-client-5.3.2.jar:/Users/sudarshanamelukote/.m2/repository/org/apache/beam/beam-sdks-java-io-google-cloud-platform/2.35.0/beam-sdks-java-io-google-cloud-platform-2.35.0.jar:/Users/sudarshanamelukote/.m2/repository/org/apache/beam/beam-sdks-java-extensions-protobuf/2.35.0/beam-sdks-java-extensions-protobuf-2.35.0.jar:/Users/sudarshanamelukote/.m2/repository/org/apache/beam/beam-sdks-java-extensions-arrow/2.35.0/beam-sdks-java-extensions-arrow-2.35.0.jar:/Users/sudarshanamelukote/.m2/repository/com/google/api/gax/2.6.1/gax-2.6.1.jar:/Users/sudarshanamelukote/.m2/repository/com/google/api/gax-grpc/2.6.1/gax-grpc-2.6.1.jar:/Users/sudarshanamelukote/.m2/repository/com/google/api/gax-httpjson/0.91.1/gax-httpjson-0.91.1.jar:/Users/sudarshanamelukote/.m2/repository/com/google/api/api-common/2.0.5/api-common-2.0.5.jar:/Users/sudarshanamelukote/.m2/repository/javax/annotation/javax.annotation-api/1.3.2/javax.annotation-api-1.3.2.jar:/Users/sudarshanamelukote/.m2/repository/com/google/apis/google-api-services-bigquery/v2-rev20211017-1.32.1/google-api-services-bigquery-v2-rev20211017-1.32.1.jar:/Users/sudarshanamelukote/.m2/repository/com/google/apis/google-api-services-healthcare/v1-rev20211016-1.32.1/google-api-services-healthcare-v1-rev20211016-1.32.1.jar:/Users/sudarshanamelukote/.m2/repository/com/google/apis/google-api-services-pubsub/v1-rev20211012-1.32.1/google-api-services-pubsub-v1-rev20211012-1.32.1.jar:/Users/sudarshanamelukote/.m2/repository/com/google/cloud/google-cloud-bigquerystorage/2.4.2/google-cloud-bigquerystorage-2.4.2.jar:/Users/sudarshanamelukote/.m2/repository/io/grpc/grpc-protobuf-lite/1.41.0/grpc-protobuf-lite-1.41.0.jar:/Users/sudarshanamelukote/.m2/repository/com/google/api/grpc/proto-google-cloud-bigquerystorage-v1beta1/0.128.2/proto-google-cloud-bigquerystorage-v1beta1-0.128.2.jar:/Users/sudarshanamelukote/.m2/repository/com/google/guava/failureaccess/1.0.1/failureaccess-1.0.1.jar:/Users/sudarshanamelukote/.m2/repository/com/google/guava/listenablefuture/9999.0-empty-to-avoid-conflict-with-guava/listenablefuture-9999.0-empty-to-avoid-conflict-with-guava.jar:/Users/sudarshanamelukote/.m2/repository/org/json/json/20200518/json-20200518.jar:/Users/sudarshanamelukote/.m2/repository/com/google/android/annotations/4.1.1.4/annotations-4.1.1.4.jar:/Users/sudarshanamelukote/.m2/repository/org/codehaus/mojo/animal-sniffer-annotations/1.20/animal-sniffer-annotations-1.20.jar:/Users/sudarshanamelukote/.m2/repository/io/perfmark/perfmark-api/0.23.0/perfmark-api-0.23.0.jar:/Users/sudarshanamelukote/.m2/repository/com/google/api/grpc/grpc-google-cloud-bigquerystorage-v1beta1/0.128.2/grpc-google-cloud-bigquerystorage-v1beta1-0.128.2.jar:/Users/sudarshanamelukote/.m2/repository/com/google/api/grpc/grpc-google-cloud-bigquerystorage-v1beta2/0.128.2/grpc-google-cloud-bigquerystorage-v1beta2-0.128.2.jar:/Users/sudarshanamelukote/.m2/repository/com/google/api/grpc/grpc-google-cloud-bigquerystorage-v1/2.4.2/grpc-google-cloud-bigquerystorage-v1-2.4.2.jar:/Users/sudarshanamelukote/.m2/repository/com/google/cloud/bigtable/bigtable-client-core/1.25.1/bigtable-client-core-1.25.1.jar:/Users/sudarshanamelukote/.m2/repository/com/google/cloud/google-cloud-bigtable/1.27.1/google-cloud-bigtable-1.27.1.jar:/Users/sudarshanamelukote/.m2/repository/com/google/api/grpc/grpc-google-common-protos/2.3.2/grpc-google-common-protos-2.3.2.jar:/Users/sudarshanamelukote/.m2/repository/com/google/api/grpc/grpc-google-cloud-bigtable-v2/1.27.1/grpc-google-cloud-bigtable-v2-1.27.1.jar:/Users/sudarshanamelukote/.m2/repository/com/google/api/grpc/grpc-google-cloud-bigtable-admin-v2/1.27.1/grpc-google-cloud-bigtable-admin-v2-1.27.1.jar:/Users/sudarshanamelukote/.m2/repository/com/google/cloud/google-cloud-core-http/1.95.4/google-cloud-core-http-1.95.4.jar:/Users/sudarshanamelukote/.m2/repository/com/google/http-client/google-http-client-appengine/1.39.2/google-http-client-appengine-1.39.2.jar:/Users/sudarshanamelukote/.m2/repository/com/google/cloud/bigtable/bigtable-metrics-api/1.25.1/bigtable-metrics-api-1.25.1.jar:/Users/sudarshanamelukote/.m2/repository/io/opencensus/opencensus-contrib-grpc-util/0.28.0/opencensus-contrib-grpc-util-0.28.0.jar:/Users/sudarshanamelukote/.m2/repository/io/dropwizard/metrics/metrics-core/3.1.2/metrics-core-3.1.2.jar:/Users/sudarshanamelukote/.m2/repository/com/google/cloud/google-cloud-core/2.2.0/google-cloud-core-2.2.0.jar:/Users/sudarshanamelukote/.m2/repository/com/google/cloud/google-cloud-core-grpc/2.2.0/google-cloud-core-grpc-2.2.0.jar:/Users/sudarshanamelukote/.m2/repository/com/google/cloud/datastore/datastore-v1-proto-client/2.1.3/datastore-v1-proto-client-2.1.3.jar:/Users/sudarshanamelukote/.m2/repository/com/google/http-client/google-http-client-protobuf/1.40.1/google-http-client-protobuf-1.40.1.jar:/Users/sudarshanamelukote/.m2/repository/com/google/cloud/google-cloud-firestore/3.0.6/google-cloud-firestore-3.0.6.jar:/Users/sudarshanamelukote/.m2/repository/com/google/cloud/proto-google-cloud-firestore-bundle-v1/3.0.6/proto-google-cloud-firestore-bundle-v1-3.0.6.jar:/Users/sudarshanamelukote/.m2/repository/com/google/cloud/google-cloud-pubsublite/1.4.0.2/google-cloud-pubsublite-1.4.0.2.jar:/Users/sudarshanamelukote/.m2/repository/com/google/cloud/google-cloud-pubsub/1.114.7/google-cloud-pubsub-1.114.7.jar:/Users/sudarshanamelukote/.m2/repository/com/google/cloud/google-cloud-spanner/6.14.0/google-cloud-spanner-6.14.0.jar:/Users/sudarshanamelukote/.m2/repository/com/google/cloud/grpc-gcp/1.1.0/grpc-gcp-1.1.0.jar:/Users/sudarshanamelukote/.m2/repository/com/google/api/grpc/proto-google-cloud-spanner-admin-instance-v1/6.14.0/proto-google-cloud-spanner-admin-instance-v1-6.14.0.jar:/Users/sudarshanamelukote/.m2/repository/com/google/api/grpc/grpc-google-cloud-spanner-admin-instance-v1/6.14.0/grpc-google-cloud-spanner-admin-instance-v1-6.14.0.jar:/Users/sudarshanamelukote/.m2/repository/com/google/api/grpc/grpc-google-cloud-spanner-v1/6.14.0/grpc-google-cloud-spanner-v1-6.14.0.jar:/Users/sudarshanamelukote/.m2/repository/com/google/api/grpc/grpc-google-cloud-spanner-admin-database-v1/6.14.0/grpc-google-cloud-spanner-admin-database-v1-6.14.0.jar:/Users/sudarshanamelukote/.m2/repository/com/google/code/gson/gson/2.8.9/gson-2.8.9.jar:/Users/sudarshanamelukote/.m2/repository/io/grpc/grpc-alts/1.41.0/grpc-alts-1.41.0.jar:/Users/sudarshanamelukote/.m2/repository/io/grpc/grpc-api/1.41.0/grpc-api-1.41.0.jar:/Users/sudarshanamelukote/.m2/repository/io/grpc/grpc-auth/1.41.0/grpc-auth-1.41.0.jar:/Users/sudarshanamelukote/.m2/repository/io/grpc/grpc-core/1.41.0/grpc-core-1.41.0.jar:/Users/sudarshanamelukote/.m2/repository/io/grpc/grpc-context/1.41.0/grpc-context-1.41.0.jar:/Users/sudarshanamelukote/.m2/repository/io/grpc/grpc-grpclb/1.41.0/grpc-grpclb-1.41.0.jar:/Users/sudarshanamelukote/.m2/repository/io/grpc/grpc-netty/1.41.0/grpc-netty-1.41.0.jar:/Users/sudarshanamelukote/.m2/repository/io/netty/netty-codec-http2/4.1.52.Final/netty-codec-http2-4.1.52.Final.jar:/Users/sudarshanamelukote/.m2/repository/io/netty/netty-codec-http/4.1.52.Final/netty-codec-http-4.1.52.Final.jar:/Users/sudarshanamelukote/.m2/repository/io/netty/netty-handler-proxy/4.1.52.Final/netty-handler-proxy-4.1.52.Final.jar:/Users/sudarshanamelukote/.m2/repository/io/netty/netty-codec-socks/4.1.52.Final/netty-codec-socks-4.1.52.Final.jar:/Users/sudarshanamelukote/.m2/repository/io/grpc/grpc-netty-shaded/1.41.0/grpc-netty-shaded-1.41.0.jar:/Users/sudarshanamelukote/.m2/repository/io/grpc/grpc-protobuf/1.41.0/grpc-protobuf-1.41.0.jar:/Users/sudarshanamelukote/.m2/repository/io/grpc/grpc-stub/1.41.0/grpc-stub-1.41.0.jar:/Users/sudarshanamelukote/.m2/repository/com/google/api/grpc/grpc-google-cloud-pubsub-v1/1.96.7/grpc-google-cloud-pubsub-v1-1.96.7.jar:/Users/sudarshanamelukote/.m2/repository/com/google/api/grpc/grpc-google-cloud-pubsublite-v1/1.4.0.2/grpc-google-cloud-pubsublite-v1-1.4.0.2.jar:/Users/sudarshanamelukote/.m2/repository/com/google/guava/guava/31.0.1-jre/guava-31.0.1-jre.jar:/Users/sudarshanamelukote/.m2/repository/io/netty/netty-handler/4.1.52.Final/netty-handler-4.1.52.Final.jar:/Users/sudarshanamelukote/.m2/repository/io/netty/netty-common/4.1.52.Final/netty-common-4.1.52.Final.jar:/Users/sudarshanamelukote/.m2/repository/io/netty/netty-resolver/4.1.52.Final/netty-resolver-4.1.52.Final.jar:/Users/sudarshanamelukote/.m2/repository/io/netty/netty-buffer/4.1.52.Final/netty-buffer-4.1.52.Final.jar:/Users/sudarshanamelukote/.m2/repository/io/netty/netty-transport/4.1.52.Final/netty-transport-4.1.52.Final.jar:/Users/sudarshanamelukote/.m2/repository/io/netty/netty-codec/4.1.52.Final/netty-codec-4.1.52.Final.jar:/Users/sudarshanamelukote/.m2/repository/io/netty/netty-tcnative-boringssl-static/2.0.33.Final/netty-tcnative-boringssl-static-2.0.33.Final.jar:/Users/sudarshanamelukote/.m2/repository/com/google/api/grpc/proto-google-cloud-bigquerystorage-v1/2.4.2/proto-google-cloud-bigquerystorage-v1-2.4.2.jar:/Users/sudarshanamelukote/.m2/repository/com/google/api/grpc/proto-google-cloud-bigquerystorage-v1beta2/0.128.2/proto-google-cloud-bigquerystorage-v1beta2-0.128.2.jar:/Users/sudarshanamelukote/.m2/repository/com/google/api/grpc/proto-google-cloud-bigtable-admin-v2/2.2.0/proto-google-cloud-bigtable-admin-v2-2.2.0.jar:/Users/sudarshanamelukote/.m2/repository/com/google/api/grpc/proto-google-cloud-bigtable-v2/2.2.0/proto-google-cloud-bigtable-v2-2.2.0.jar:/Users/sudarshanamelukote/.m2/repository/com/google/api/grpc/proto-google-cloud-datastore-v1/0.92.3/proto-google-cloud-datastore-v1-0.92.3.jar:/Users/sudarshanamelukote/.m2/repository/com/google/api/grpc/proto-google-cloud-firestore-v1/3.0.6/proto-google-cloud-firestore-v1-3.0.6.jar:/Users/sudarshanamelukote/.m2/repository/com/google/api/grpc/proto-google-cloud-pubsub-v1/1.96.7/proto-google-cloud-pubsub-v1-1.96.7.jar:/Users/sudarshanamelukote/.m2/repository/com/google/api/grpc/proto-google-cloud-pubsublite-v1/1.4.0.2/proto-google-cloud-pubsublite-v1-1.4.0.2.jar:/Users/sudarshanamelukote/.m2/repository/com/google/api/grpc/proto-google-cloud-spanner-admin-database-v1/6.14.0/proto-google-cloud-spanner-admin-database-v1-6.14.0.jar:/Users/sudarshanamelukote/.m2/repository/com/google/api/grpc/proto-google-cloud-spanner-v1/6.14.0/proto-google-cloud-spanner-v1-6.14.0.jar:/Users/sudarshanamelukote/.m2/repository/com/google/api/grpc/proto-google-common-protos/2.6.0/proto-google-common-protos-2.6.0.jar:/Users/sudarshanamelukote/.m2/repository/com/google/protobuf/protobuf-java/3.18.1/protobuf-java-3.18.1.jar:/Users/sudarshanamelukote/.m2/repository/com/google/protobuf/protobuf-java-util/3.18.1/protobuf-java-util-3.18.1.jar:/Users/sudarshanamelukote/.m2/repository/org/apache/arrow/arrow-memory-core/5.0.0/arrow-memory-core-5.0.0.jar:/Users/sudarshanamelukote/.m2/repository/org/apache/arrow/arrow-vector/5.0.0/arrow-vector-5.0.0.jar:/Users/sudarshanamelukote/.m2/repository/org/apache/arrow/arrow-format/5.0.0/arrow-format-5.0.0.jar:/Users/sudarshanamelukote/.m2/repository/com/google/flatbuffers/flatbuffers-java/1.12.0/flatbuffers-java-1.12.0.jar:/Users/sudarshanamelukote/.m2/repository/org/threeten/threetenbp/1.4.4/threetenbp-1.4.4.jar:/Users/sudarshanamelukote/.m2/repository/org/apache/beam/beam-runners-core-construction-java/2.35.0/beam-runners-core-construction-java-2.35.0.jar:/Users/sudarshanamelukote/.m2/repository/org/apache/beam/beam-sdks-java-fn-execution/2.35.0/beam-sdks-java-fn-execution-2.35.0.jar:/Users/sudarshanamelukote/.m2/repository/org/apache/beam/beam-model-fn-execution/2.35.0/beam-model-fn-execution-2.35.0.jar:/Users/sudarshanamelukote/.m2/repository/io/github/classgraph/classgraph/4.8.104/classgraph-4.8.104.jar:/Users/sudarshanamelukote/.m2/repository/org/apache/avro/avro/1.8.2/avro-1.8.2.jar:/Users/sudarshanamelukote/.m2/repository/org/codehaus/jackson/jackson-core-asl/1.9.13/jackson-core-asl-1.9.13.jar:/Users/sudarshanamelukote/.m2/repository/org/codehaus/jackson/jackson-mapper-asl/1.9.13/jackson-mapper-asl-1.9.13.jar:/Users/sudarshanamelukote/.m2/repository/com/thoughtworks/paranamer/paranamer/2.7/paranamer-2.7.jar:/Users/sudarshanamelukote/.m2/repository/org/apache/commons/commons-compress/1.8.1/commons-compress-1.8.1.jar:/Users/sudarshanamelukote/.m2/repository/org/tukaani/xz/1.5/xz-1.5.jar:/Users/sudarshanamelukote/.m2/repository/com/google/cloud/bigdataoss/util/2.2.4/util-2.2.4.jar:/Users/sudarshanamelukote/.m2/repository/com/google/api-client/google-api-client-jackson2/1.32.2/google-api-client-jackson2-1.32.2.jar:/Users/sudarshanamelukote/.m2/repository/com/google/apis/google-api-services-iamcredentials/v1-rev20210326-1.32.1/google-api-services-iamcredentials-v1-rev20210326-1.32.1.jar:/Users/sudarshanamelukote/.m2/repository/com/google/auto/value/auto-value-annotations/1.8.2/auto-value-annotations-1.8.2.jar:/Users/sudarshanamelukote/.m2/repository/com/google/oauth-client/google-oauth-client/1.32.1/google-oauth-client-1.32.1.jar:/Users/sudarshanamelukote/.m2/repository/com/google/flogger/google-extensions/0.7.1/google-extensions-0.7.1.jar:/Users/sudarshanamelukote/.m2/repository/commons-codec/commons-codec/1.15/commons-codec-1.15.jar:/Users/sudarshanamelukote/.m2/repository/com/google/flogger/flogger-system-backend/0.7.3/flogger-system-backend-0.7.3.jar:/Users/sudarshanamelukote/.m2/repository/com/google/flogger/flogger/0.7.3/flogger-0.7.3.jar:/Users/sudarshanamelukote/.m2/repository/org/checkerframework/checker-compat-qual/2.5.3/checker-compat-qual-2.5.3.jar:/Users/sudarshanamelukote/.m2/repository/com/google/api-client/google-api-client/1.32.1/google-api-client-1.32.1.jar:/Users/sudarshanamelukote/.m2/repository/com/google/http-client/google-http-client-gson/1.39.2/google-http-client-gson-1.39.2.jar:/Users/sudarshanamelukote/.m2/repository/com/google/http-client/google-http-client-apache-v2/1.39.2/google-http-client-apache-v2-1.39.2.jar:/Users/sudarshanamelukote/.m2/repository/com/google/apis/google-api-services-clouddebugger/v2-rev20210813-1.32.1/google-api-services-clouddebugger-v2-rev20210813-1.32.1.jar:/Users/sudarshanamelukote/.m2/repository/com/google/apis/google-api-services-dataflow/v1b3-rev20210818-1.32.1/google-api-services-dataflow-v1b3-rev20210818-1.32.1.jar:/Users/sudarshanamelukote/.m2/repository/com/google/apis/google-api-services-storage/v1-rev20211018-1.32.1/google-api-services-storage-v1-rev20211018-1.32.1.jar:/Users/sudarshanamelukote/.m2/repository/com/google/auth/google-auth-library-credentials/1.2.1/google-auth-library-credentials-1.2.1.jar:/Users/sudarshanamelukote/.m2/repository/com/google/auth/google-auth-library-oauth2-http/1.2.1/google-auth-library-oauth2-http-1.2.1.jar:/Users/sudarshanamelukote/.m2/repository/com/google/http-client/google-http-client/1.40.1/google-http-client-1.40.1.jar:/Users/sudarshanamelukote/.m2/repository/com/google/j2objc/j2objc-annotations/1.3/j2objc-annotations-1.3.jar:/Users/sudarshanamelukote/.m2/repository/io/opencensus/opencensus-api/0.28.0/opencensus-api-0.28.0.jar:/Users/sudarshanamelukote/.m2/repository/io/opencensus/opencensus-contrib-http-util/0.28.0/opencensus-contrib-http-util-0.28.0.jar:/Users/sudarshanamelukote/.m2/repository/com/google/http-client/google-http-client-jackson2/1.40.1/google-http-client-jackson2-1.40.1.jar:/Users/sudarshanamelukote/.m2/repository/org/hamcrest/hamcrest/2.1/hamcrest-2.1.jar:/Users/sudarshanamelukote/.m2/repository/com/fasterxml/jackson/core/jackson-annotations/2.13.0/jackson-annotations-2.13.0.jar:/Users/sudarshanamelukote/.m2/repository/com/fasterxml/jackson/core/jackson-core/2.13.0/jackson-core-2.13.0.jar:/Users/sudarshanamelukote/.m2/repository/com/fasterxml/jackson/core/jackson-databind/2.13.0/jackson-databind-2.13.0.jar:/Users/sudarshanamelukote/.m2/repository/joda-time/joda-time/2.10.10/joda-time-2.10.10.jar:/Users/sudarshanamelukote/.m2/repository/org/slf4j/slf4j-api/1.7.30/slf4j-api-1.7.30.jar:/Users/sudarshanamelukote/.m2/repository/org/apache/beam/beam-vendor-grpc-1_36_0/0.2/beam-vendor-grpc-1_36_0-0.2.jar:"/>
    <property name="java.vm.vendor" value="Homebrew"/>
    <property name="sun.arch.data.model" value="64"/>
    <property name="java.vendor.url" value="https://github.com/Homebrew/homebrew-core/issues"/>
    <property name="os.name" value="Mac OS X"/>
    <property name="java.vm.specification.version" value="17"/>
    <property name="sun.java.launcher" value="SUN_STANDARD"/>
    <property name="user.country" value="US"/>
    <property name="sun.boot.library.path" value="/usr/local/Cellar/openjdk/17.0.1_1/libexec/openjdk.jdk/Contents/Home/lib"/>
    <property name="sun.java.command" value="/Users/sudarshanamelukote/quickstart-dataflow-java/target/surefire/surefirebooter4150736454426511953.jar /Users/sudarshanamelukote/quickstart-dataflow-java/target/surefire 2022-01-14T07-42-14_522-jvmRun1 surefire6922727443516076901tmp surefire_0397474003697810615tmp"/>
    <property name="http.nonProxyHosts" value="local|*.local|169.254/16|*.169.254/16"/>
    <property name="jdk.debug" value="release"/>
    <property name="surefire.test.class.path" value="/Users/sudarshanamelukote/quickstart-dataflow-java/target/test-classes:/Users/sudarshanamelukote/quickstart-dataflow-java/target/classes:/Users/sudarshanamelukote/.m2/repository/junit/junit/4.11/junit-4.11.jar:/Users/sudarshanamelukote/.m2/repository/org/hamcrest/hamcrest-core/1.3/hamcrest-core-1.3.jar:/Users/sudarshanamelukote/.m2/repository/org/apache/beam/beam-runners-google-cloud-dataflow-java/2.35.0/beam-runners-google-cloud-dataflow-java-2.35.0.jar:/Users/sudarshanamelukote/.m2/repository/org/checkerframework/checker-qual/3.10.0/checker-qual-3.10.0.jar:/Users/sudarshanamelukote/.m2/repository/org/apache/beam/beam-vendor-guava-26_0-jre/0.1/beam-vendor-guava-26_0-jre-0.1.jar:/Users/sudarshanamelukote/.m2/repository/org/apache/beam/beam-model-pipeline/2.35.0/beam-model-pipeline-2.35.0.jar:/Users/sudarshanamelukote/.m2/repository/com/google/errorprone/error_prone_annotations/2.4.0/error_prone_annotations-2.4.0.jar:/Users/sudarshanamelukote/.m2/repository/org/conscrypt/conscrypt-openjdk-uber/2.5.1/conscrypt-openjdk-uber-2.5.1.jar:/Users/sudarshanamelukote/.m2/repository/org/apache/beam/beam-sdks-java-core/2.35.0/beam-sdks-java-core-2.35.0.jar:/Users/sudarshanamelukote/.m2/repository/org/apache/beam/beam-model-job-management/2.35.0/beam-model-job-management-2.35.0.jar:/Users/sudarshanamelukote/.m2/repository/org/apache/beam/beam-vendor-bytebuddy-1_11_0/0.1/beam-vendor-bytebuddy-1_11_0-0.1.jar:/Users/sudarshanamelukote/.m2/repository/com/google/code/findbugs/jsr305/3.0.2/jsr305-3.0.2.jar:/Users/sudarshanamelukote/.m2/repository/org/xerial/snappy/snappy-java/1.1.8.4/snappy-java-1.1.8.4.jar:/Users/sudarshanamelukote/.m2/repository/org/apache/beam/beam-sdks-java-extensions-google-cloud-platform-core/2.35.0/beam-sdks-java-extensions-google-cloud-platform-core-2.35.0.jar:/Users/sudarshanamelukote/.m2/repository/org/apache/beam/beam-runners-core-java/2.35.0/beam-runners-core-java-2.35.0.jar:/Users/sudarshanamelukote/.m2/repository/com/google/cloud/bigdataoss/gcsio/2.2.4/gcsio-2.2.4.jar:/Users/sudarshanamelukote/.m2/repository/com/google/api/grpc/grpc-google-cloud-storage-v2/2.0.1-alpha/grpc-google-cloud-storage-v2-2.0.1-alpha.jar:/Users/sudarshanamelukote/.m2/repository/com/google/api/grpc/proto-google-cloud-storage-v2/2.0.1-alpha/proto-google-cloud-storage-v2-2.0.1-alpha.jar:/Users/sudarshanamelukote/.m2/repository/com/google/api/grpc/proto-google-iam-v1/1.1.7/proto-google-iam-v1-1.1.7.jar:/Users/sudarshanamelukote/.m2/repository/com/google/apis/google-api-services-cloudresourcemanager/v1-rev20211017-1.32.1/google-api-services-cloudresourcemanager-v1-rev20211017-1.32.1.jar:/Users/sudarshanamelukote/.m2/repository/org/apache/httpcomponents/httpcore/4.4.14/httpcore-4.4.14.jar:/Users/sudarshanamelukote/.m2/repository/org/apache/httpcomponents/httpclient/4.5.13/httpclient-4.5.13.jar:/Users/sudarshanamelukote/.m2/repository/commons-logging/commons-logging/1.2/commons-logging-1.2.jar:/Users/sudarshanamelukote/.m2/repository/org/apache/beam/beam-sdks-java-io-kafka/2.35.0/beam-sdks-java-io-kafka-2.35.0.jar:/Users/sudarshanamelukote/.m2/repository/org/apache/beam/beam-sdks-java-expansion-service/2.35.0/beam-sdks-java-expansion-service-2.35.0.jar:/Users/sudarshanamelukote/.m2/repository/org/apache/beam/beam-runners-java-fn-execution/2.35.0/beam-runners-java-fn-execution-2.35.0.jar:/Users/sudarshanamelukote/.m2/repository/com/fasterxml/jackson/dataformat/jackson-dataformat-yaml/2.13.0/jackson-dataformat-yaml-2.13.0.jar:/Users/sudarshanamelukote/.m2/repository/org/yaml/snakeyaml/1.28/snakeyaml-1.28.jar:/Users/sudarshanamelukote/.m2/repository/org/springframework/spring-expression/4.3.18.RELEASE/spring-expression-4.3.18.RELEASE.jar:/Users/sudarshanamelukote/.m2/repository/org/springframework/spring-core/4.3.18.RELEASE/spring-core-4.3.18.RELEASE.jar:/Users/sudarshanamelukote/.m2/repository/io/confluent/kafka-avro-serializer/5.3.2/kafka-avro-serializer-5.3.2.jar:/Users/sudarshanamelukote/.m2/repository/io/confluent/common-config/5.3.2/common-config-5.3.2.jar:/Users/sudarshanamelukote/.m2/repository/io/confluent/common-utils/5.3.2/common-utils-5.3.2.jar:/Users/sudarshanamelukote/.m2/repository/com/101tec/zkclient/0.10/zkclient-0.10.jar:/Users/sudarshanamelukote/.m2/repository/io/confluent/kafka-schema-registry-client/5.3.2/kafka-schema-registry-client-5.3.2.jar:/Users/sudarshanamelukote/.m2/repository/org/apache/beam/beam-sdks-java-io-google-cloud-platform/2.35.0/beam-sdks-java-io-google-cloud-platform-2.35.0.jar:/Users/sudarshanamelukote/.m2/repository/org/apache/beam/beam-sdks-java-extensions-protobuf/2.35.0/beam-sdks-java-extensions-protobuf-2.35.0.jar:/Users/sudarshanamelukote/.m2/repository/org/apache/beam/beam-sdks-java-extensions-arrow/2.35.0/beam-sdks-java-extensions-arrow-2.35.0.jar:/Users/sudarshanamelukote/.m2/repository/com/google/api/gax/2.6.1/gax-2.6.1.jar:/Users/sudarshanamelukote/.m2/repository/com/google/api/gax-grpc/2.6.1/gax-grpc-2.6.1.jar:/Users/sudarshanamelukote/.m2/repository/com/google/api/gax-httpjson/0.91.1/gax-httpjson-0.91.1.jar:/Users/sudarshanamelukote/.m2/repository/com/google/api/api-common/2.0.5/api-common-2.0.5.jar:/Users/sudarshanamelukote/.m2/repository/javax/annotation/javax.annotation-api/1.3.2/javax.annotation-api-1.3.2.jar:/Users/sudarshanamelukote/.m2/repository/com/google/apis/google-api-services-bigquery/v2-rev20211017-1.32.1/google-api-services-bigquery-v2-rev20211017-1.32.1.jar:/Users/sudarshanamelukote/.m2/repository/com/google/apis/google-api-services-healthcare/v1-rev20211016-1.32.1/google-api-services-healthcare-v1-rev20211016-1.32.1.jar:/Users/sudarshanamelukote/.m2/repository/com/google/apis/google-api-services-pubsub/v1-rev20211012-1.32.1/google-api-services-pubsub-v1-rev20211012-1.32.1.jar:/Users/sudarshanamelukote/.m2/repository/com/google/cloud/google-cloud-bigquerystorage/2.4.2/google-cloud-bigquerystorage-2.4.2.jar:/Users/sudarshanamelukote/.m2/repository/io/grpc/grpc-protobuf-lite/1.41.0/grpc-protobuf-lite-1.41.0.jar:/Users/sudarshanamelukote/.m2/repository/com/google/api/grpc/proto-google-cloud-bigquerystorage-v1beta1/0.128.2/proto-google-cloud-bigquerystorage-v1beta1-0.128.2.jar:/Users/sudarshanamelukote/.m2/repository/com/google/guava/failureaccess/1.0.1/failureaccess-1.0.1.jar:/Users/sudarshanamelukote/.m2/repository/com/google/guava/listenablefuture/9999.0-empty-to-avoid-conflict-with-guava/listenablefuture-9999.0-empty-to-avoid-conflict-with-guava.jar:/Users/sudarshanamelukote/.m2/repository/org/json/json/20200518/json-20200518.jar:/Users/sudarshanamelukote/.m2/repository/com/google/android/annotations/4.1.1.4/annotations-4.1.1.4.jar:/Users/sudarshanamelukote/.m2/repository/org/codehaus/mojo/animal-sniffer-annotations/1.20/animal-sniffer-annotations-1.20.jar:/Users/sudarshanamelukote/.m2/repository/io/perfmark/perfmark-api/0.23.0/perfmark-api-0.23.0.jar:/Users/sudarshanamelukote/.m2/repository/com/google/api/grpc/grpc-google-cloud-bigquerystorage-v1beta1/0.128.2/grpc-google-cloud-bigquerystorage-v1beta1-0.128.2.jar:/Users/sudarshanamelukote/.m2/repository/com/google/api/grpc/grpc-google-cloud-bigquerystorage-v1beta2/0.128.2/grpc-google-cloud-bigquerystorage-v1beta2-0.128.2.jar:/Users/sudarshanamelukote/.m2/repository/com/google/api/grpc/grpc-google-cloud-bigquerystorage-v1/2.4.2/grpc-google-cloud-bigquerystorage-v1-2.4.2.jar:/Users/sudarshanamelukote/.m2/repository/com/google/cloud/bigtable/bigtable-client-core/1.25.1/bigtable-client-core-1.25.1.jar:/Users/sudarshanamelukote/.m2/repository/com/google/cloud/google-cloud-bigtable/1.27.1/google-cloud-bigtable-1.27.1.jar:/Users/sudarshanamelukote/.m2/repository/com/google/api/grpc/grpc-google-common-protos/2.3.2/grpc-google-common-protos-2.3.2.jar:/Users/sudarshanamelukote/.m2/repository/com/google/api/grpc/grpc-google-cloud-bigtable-v2/1.27.1/grpc-google-cloud-bigtable-v2-1.27.1.jar:/Users/sudarshanamelukote/.m2/repository/com/google/api/grpc/grpc-google-cloud-bigtable-admin-v2/1.27.1/grpc-google-cloud-bigtable-admin-v2-1.27.1.jar:/Users/sudarshanamelukote/.m2/repository/com/google/cloud/google-cloud-core-http/1.95.4/google-cloud-core-http-1.95.4.jar:/Users/sudarshanamelukote/.m2/repository/com/google/http-client/google-http-client-appengine/1.39.2/google-http-client-appengine-1.39.2.jar:/Users/sudarshanamelukote/.m2/repository/com/google/cloud/bigtable/bigtable-metrics-api/1.25.1/bigtable-metrics-api-1.25.1.jar:/Users/sudarshanamelukote/.m2/repository/io/opencensus/opencensus-contrib-grpc-util/0.28.0/opencensus-contrib-grpc-util-0.28.0.jar:/Users/sudarshanamelukote/.m2/repository/io/dropwizard/metrics/metrics-core/3.1.2/metrics-core-3.1.2.jar:/Users/sudarshanamelukote/.m2/repository/com/google/cloud/google-cloud-core/2.2.0/google-cloud-core-2.2.0.jar:/Users/sudarshanamelukote/.m2/repository/com/google/cloud/google-cloud-core-grpc/2.2.0/google-cloud-core-grpc-2.2.0.jar:/Users/sudarshanamelukote/.m2/repository/com/google/cloud/datastore/datastore-v1-proto-client/2.1.3/datastore-v1-proto-client-2.1.3.jar:/Users/sudarshanamelukote/.m2/repository/com/google/http-client/google-http-client-protobuf/1.40.1/google-http-client-protobuf-1.40.1.jar:/Users/sudarshanamelukote/.m2/repository/com/google/cloud/google-cloud-firestore/3.0.6/google-cloud-firestore-3.0.6.jar:/Users/sudarshanamelukote/.m2/repository/com/google/cloud/proto-google-cloud-firestore-bundle-v1/3.0.6/proto-google-cloud-firestore-bundle-v1-3.0.6.jar:/Users/sudarshanamelukote/.m2/repository/com/google/cloud/google-cloud-pubsublite/1.4.0.2/google-cloud-pubsublite-1.4.0.2.jar:/Users/sudarshanamelukote/.m2/repository/com/google/cloud/google-cloud-pubsub/1.114.7/google-cloud-pubsub-1.114.7.jar:/Users/sudarshanamelukote/.m2/repository/com/google/cloud/google-cloud-spanner/6.14.0/google-cloud-spanner-6.14.0.jar:/Users/sudarshanamelukote/.m2/repository/com/google/cloud/grpc-gcp/1.1.0/grpc-gcp-1.1.0.jar:/Users/sudarshanamelukote/.m2/repository/com/google/api/grpc/proto-google-cloud-spanner-admin-instance-v1/6.14.0/proto-google-cloud-spanner-admin-instance-v1-6.14.0.jar:/Users/sudarshanamelukote/.m2/repository/com/google/api/grpc/grpc-google-cloud-spanner-admin-instance-v1/6.14.0/grpc-google-cloud-spanner-admin-instance-v1-6.14.0.jar:/Users/sudarshanamelukote/.m2/repository/com/google/api/grpc/grpc-google-cloud-spanner-v1/6.14.0/grpc-google-cloud-spanner-v1-6.14.0.jar:/Users/sudarshanamelukote/.m2/repository/com/google/api/grpc/grpc-google-cloud-spanner-admin-database-v1/6.14.0/grpc-google-cloud-spanner-admin-database-v1-6.14.0.jar:/Users/sudarshanamelukote/.m2/repository/com/google/code/gson/gson/2.8.9/gson-2.8.9.jar:/Users/sudarshanamelukote/.m2/repository/io/grpc/grpc-alts/1.41.0/grpc-alts-1.41.0.jar:/Users/sudarshanamelukote/.m2/repository/io/grpc/grpc-api/1.41.0/grpc-api-1.41.0.jar:/Users/sudarshanamelukote/.m2/repository/io/grpc/grpc-auth/1.41.0/grpc-auth-1.41.0.jar:/Users/sudarshanamelukote/.m2/repository/io/grpc/grpc-core/1.41.0/grpc-core-1.41.0.jar:/Users/sudarshanamelukote/.m2/repository/io/grpc/grpc-context/1.41.0/grpc-context-1.41.0.jar:/Users/sudarshanamelukote/.m2/repository/io/grpc/grpc-grpclb/1.41.0/grpc-grpclb-1.41.0.jar:/Users/sudarshanamelukote/.m2/repository/io/grpc/grpc-netty/1.41.0/grpc-netty-1.41.0.jar:/Users/sudarshanamelukote/.m2/repository/io/netty/netty-codec-http2/4.1.52.Final/netty-codec-http2-4.1.52.Final.jar:/Users/sudarshanamelukote/.m2/repository/io/netty/netty-codec-http/4.1.52.Final/netty-codec-http-4.1.52.Final.jar:/Users/sudarshanamelukote/.m2/repository/io/netty/netty-handler-proxy/4.1.52.Final/netty-handler-proxy-4.1.52.Final.jar:/Users/sudarshanamelukote/.m2/repository/io/netty/netty-codec-socks/4.1.52.Final/netty-codec-socks-4.1.52.Final.jar:/Users/sudarshanamelukote/.m2/repository/io/grpc/grpc-netty-shaded/1.41.0/grpc-netty-shaded-1.41.0.jar:/Users/sudarshanamelukote/.m2/repository/io/grpc/grpc-protobuf/1.41.0/grpc-protobuf-1.41.0.jar:/Users/sudarshanamelukote/.m2/repository/io/grpc/grpc-stub/1.41.0/grpc-stub-1.41.0.jar:/Users/sudarshanamelukote/.m2/repository/com/google/api/grpc/grpc-google-cloud-pubsub-v1/1.96.7/grpc-google-cloud-pubsub-v1-1.96.7.jar:/Users/sudarshanamelukote/.m2/repository/com/google/api/grpc/grpc-google-cloud-pubsublite-v1/1.4.0.2/grpc-google-cloud-pubsublite-v1-1.4.0.2.jar:/Users/sudarshanamelukote/.m2/repository/com/google/guava/guava/31.0.1-jre/guava-31.0.1-jre.jar:/Users/sudarshanamelukote/.m2/repository/io/netty/netty-handler/4.1.52.Final/netty-handler-4.1.52.Final.jar:/Users/sudarshanamelukote/.m2/repository/io/netty/netty-common/4.1.52.Final/netty-common-4.1.52.Final.jar:/Users/sudarshanamelukote/.m2/repository/io/netty/netty-resolver/4.1.52.Final/netty-resolver-4.1.52.Final.jar:/Users/sudarshanamelukote/.m2/repository/io/netty/netty-buffer/4.1.52.Final/netty-buffer-4.1.52.Final.jar:/Users/sudarshanamelukote/.m2/repository/io/netty/netty-transport/4.1.52.Final/netty-transport-4.1.52.Final.jar:/Users/sudarshanamelukote/.m2/repository/io/netty/netty-codec/4.1.52.Final/netty-codec-4.1.52.Final.jar:/Users/sudarshanamelukote/.m2/repository/io/netty/netty-tcnative-boringssl-static/2.0.33.Final/netty-tcnative-boringssl-static-2.0.33.Final.jar:/Users/sudarshanamelukote/.m2/repository/com/google/api/grpc/proto-google-cloud-bigquerystorage-v1/2.4.2/proto-google-cloud-bigquerystorage-v1-2.4.2.jar:/Users/sudarshanamelukote/.m2/repository/com/google/api/grpc/proto-google-cloud-bigquerystorage-v1beta2/0.128.2/proto-google-cloud-bigquerystorage-v1beta2-0.128.2.jar:/Users/sudarshanamelukote/.m2/repository/com/google/api/grpc/proto-google-cloud-bigtable-admin-v2/2.2.0/proto-google-cloud-bigtable-admin-v2-2.2.0.jar:/Users/sudarshanamelukote/.m2/repository/com/google/api/grpc/proto-google-cloud-bigtable-v2/2.2.0/proto-google-cloud-bigtable-v2-2.2.0.jar:/Users/sudarshanamelukote/.m2/repository/com/google/api/grpc/proto-google-cloud-datastore-v1/0.92.3/proto-google-cloud-datastore-v1-0.92.3.jar:/Users/sudarshanamelukote/.m2/repository/com/google/api/grpc/proto-google-cloud-firestore-v1/3.0.6/proto-google-cloud-firestore-v1-3.0.6.jar:/Users/sudarshanamelukote/.m2/repository/com/google/api/grpc/proto-google-cloud-pubsub-v1/1.96.7/proto-google-cloud-pubsub-v1-1.96.7.jar:/Users/sudarshanamelukote/.m2/repository/com/google/api/grpc/proto-google-cloud-pubsublite-v1/1.4.0.2/proto-google-cloud-pubsublite-v1-1.4.0.2.jar:/Users/sudarshanamelukote/.m2/repository/com/google/api/grpc/proto-google-cloud-spanner-admin-database-v1/6.14.0/proto-google-cloud-spanner-admin-database-v1-6.14.0.jar:/Users/sudarshanamelukote/.m2/repository/com/google/api/grpc/proto-google-cloud-spanner-v1/6.14.0/proto-google-cloud-spanner-v1-6.14.0.jar:/Users/sudarshanamelukote/.m2/repository/com/google/api/grpc/proto-google-common-protos/2.6.0/proto-google-common-protos-2.6.0.jar:/Users/sudarshanamelukote/.m2/repository/com/google/protobuf/protobuf-java/3.18.1/protobuf-java-3.18.1.jar:/Users/sudarshanamelukote/.m2/repository/com/google/protobuf/protobuf-java-util/3.18.1/protobuf-java-util-3.18.1.jar:/Users/sudarshanamelukote/.m2/repository/org/apache/arrow/arrow-memory-core/5.0.0/arrow-memory-core-5.0.0.jar:/Users/sudarshanamelukote/.m2/repository/org/apache/arrow/arrow-vector/5.0.0/arrow-vector-5.0.0.jar:/Users/sudarshanamelukote/.m2/repository/org/apache/arrow/arrow-format/5.0.0/arrow-format-5.0.0.jar:/Users/sudarshanamelukote/.m2/repository/com/google/flatbuffers/flatbuffers-java/1.12.0/flatbuffers-java-1.12.0.jar:/Users/sudarshanamelukote/.m2/repository/org/threeten/threetenbp/1.4.4/threetenbp-1.4.4.jar:/Users/sudarshanamelukote/.m2/repository/org/apache/beam/beam-runners-core-construction-java/2.35.0/beam-runners-core-construction-java-2.35.0.jar:/Users/sudarshanamelukote/.m2/repository/org/apache/beam/beam-sdks-java-fn-execution/2.35.0/beam-sdks-java-fn-execution-2.35.0.jar:/Users/sudarshanamelukote/.m2/repository/org/apache/beam/beam-model-fn-execution/2.35.0/beam-model-fn-execution-2.35.0.jar:/Users/sudarshanamelukote/.m2/repository/io/github/classgraph/classgraph/4.8.104/classgraph-4.8.104.jar:/Users/sudarshanamelukote/.m2/repository/org/apache/avro/avro/1.8.2/avro-1.8.2.jar:/Users/sudarshanamelukote/.m2/repository/org/codehaus/jackson/jackson-core-asl/1.9.13/jackson-core-asl-1.9.13.jar:/Users/sudarshanamelukote/.m2/repository/org/codehaus/jackson/jackson-mapper-asl/1.9.13/jackson-mapper-asl-1.9.13.jar:/Users/sudarshanamelukote/.m2/repository/com/thoughtworks/paranamer/paranamer/2.7/paranamer-2.7.jar:/Users/sudarshanamelukote/.m2/repository/org/apache/commons/commons-compress/1.8.1/commons-compress-1.8.1.jar:/Users/sudarshanamelukote/.m2/repository/org/tukaani/xz/1.5/xz-1.5.jar:/Users/sudarshanamelukote/.m2/repository/com/google/cloud/bigdataoss/util/2.2.4/util-2.2.4.jar:/Users/sudarshanamelukote/.m2/repository/com/google/api-client/google-api-client-jackson2/1.32.2/google-api-client-jackson2-1.32.2.jar:/Users/sudarshanamelukote/.m2/repository/com/google/apis/google-api-services-iamcredentials/v1-rev20210326-1.32.1/google-api-services-iamcredentials-v1-rev20210326-1.32.1.jar:/Users/sudarshanamelukote/.m2/repository/com/google/auto/value/auto-value-annotations/1.8.2/auto-value-annotations-1.8.2.jar:/Users/sudarshanamelukote/.m2/repository/com/google/oauth-client/google-oauth-client/1.32.1/google-oauth-client-1.32.1.jar:/Users/sudarshanamelukote/.m2/repository/com/google/flogger/google-extensions/0.7.1/google-extensions-0.7.1.jar:/Users/sudarshanamelukote/.m2/repository/commons-codec/commons-codec/1.15/commons-codec-1.15.jar:/Users/sudarshanamelukote/.m2/repository/com/google/flogger/flogger-system-backend/0.7.3/flogger-system-backend-0.7.3.jar:/Users/sudarshanamelukote/.m2/repository/com/google/flogger/flogger/0.7.3/flogger-0.7.3.jar:/Users/sudarshanamelukote/.m2/repository/org/checkerframework/checker-compat-qual/2.5.3/checker-compat-qual-2.5.3.jar:/Users/sudarshanamelukote/.m2/repository/com/google/api-client/google-api-client/1.32.1/google-api-client-1.32.1.jar:/Users/sudarshanamelukote/.m2/repository/com/google/http-client/google-http-client-gson/1.39.2/google-http-client-gson-1.39.2.jar:/Users/sudarshanamelukote/.m2/repository/com/google/http-client/google-http-client-apache-v2/1.39.2/google-http-client-apache-v2-1.39.2.jar:/Users/sudarshanamelukote/.m2/repository/com/google/apis/google-api-services-clouddebugger/v2-rev20210813-1.32.1/google-api-services-clouddebugger-v2-rev20210813-1.32.1.jar:/Users/sudarshanamelukote/.m2/repository/com/google/apis/google-api-services-dataflow/v1b3-rev20210818-1.32.1/google-api-services-dataflow-v1b3-rev20210818-1.32.1.jar:/Users/sudarshanamelukote/.m2/repository/com/google/apis/google-api-services-storage/v1-rev20211018-1.32.1/google-api-services-storage-v1-rev20211018-1.32.1.jar:/Users/sudarshanamelukote/.m2/repository/com/google/auth/google-auth-library-credentials/1.2.1/google-auth-library-credentials-1.2.1.jar:/Users/sudarshanamelukote/.m2/repository/com/google/auth/google-auth-library-oauth2-http/1.2.1/google-auth-library-oauth2-http-1.2.1.jar:/Users/sudarshanamelukote/.m2/repository/com/google/http-client/google-http-client/1.40.1/google-http-client-1.40.1.jar:/Users/sudarshanamelukote/.m2/repository/com/google/j2objc/j2objc-annotations/1.3/j2objc-annotations-1.3.jar:/Users/sudarshanamelukote/.m2/repository/io/opencensus/opencensus-api/0.28.0/opencensus-api-0.28.0.jar:/Users/sudarshanamelukote/.m2/repository/io/opencensus/opencensus-contrib-http-util/0.28.0/opencensus-contrib-http-util-0.28.0.jar:/Users/sudarshanamelukote/.m2/repository/com/google/http-client/google-http-client-jackson2/1.40.1/google-http-client-jackson2-1.40.1.jar:/Users/sudarshanamelukote/.m2/repository/org/hamcrest/hamcrest/2.1/hamcrest-2.1.jar:/Users/sudarshanamelukote/.m2/repository/com/fasterxml/jackson/core/jackson-annotations/2.13.0/jackson-annotations-2.13.0.jar:/Users/sudarshanamelukote/.m2/repository/com/fasterxml/jackson/core/jackson-core/2.13.0/jackson-core-2.13.0.jar:/Users/sudarshanamelukote/.m2/repository/com/fasterxml/jackson/core/jackson-databind/2.13.0/jackson-databind-2.13.0.jar:/Users/sudarshanamelukote/.m2/repository/joda-time/joda-time/2.10.10/joda-time-2.10.10.jar:/Users/sudarshanamelukote/.m2/repository/org/slf4j/slf4j-api/1.7.30/slf4j-api-1.7.30.jar:/Users/sudarshanamelukote/.m2/repository/org/apache/beam/beam-vendor-grpc-1_36_0/0.2/beam-vendor-grpc-1_36_0-0.2.jar:"/>
    <property name="sun.cpu.endian" value="little"/>
    <property name="user.home" value="/Users/sudarshanamelukote"/>
    <property name="user.language" value="en"/>
    <property name="java.specification.vendor" value="Oracle Corporation"/>
    <property name="java.version.date" value="2021-10-19"/>
    <property name="java.home" value="/usr/local/Cellar/openjdk/17.0.1_1/libexec/openjdk.jdk/Contents/Home"/>
    <property name="file.separator" value="/"/>
    <property name="basedir" value="/Users/sudarshanamelukote/quickstart-dataflow-java"/>
    <property name="java.vm.compressedOopsMode" value="Zero based"/>
    <property name="line.separator" value="&#10;"/>
    <property name="java.specification.name" value="Java Platform API Specification"/>
    <property name="java.vm.specification.vendor" value="Oracle Corporation"/>
    <property name="surefire.real.class.path" value="/Users/sudarshanamelukote/quickstart-dataflow-java/target/surefire/surefirebooter4150736454426511953.jar"/>
    <property name="sun.management.compiler" value="HotSpot 64-Bit Tiered Compilers"/>
    <property name="ftp.nonProxyHosts" value="local|*.local|169.254/16|*.169.254/16"/>
    <property name="java.runtime.version" value="17.0.1+1"/>
    <property name="user.name" value="sudarshanamelukote"/>
    <property name="path.separator" value=":"/>
    <property name="os.version" value="12.0.1"/>
    <property name="java.runtime.name" value="OpenJDK Runtime Environment"/>
    <property name="file.encoding" value="UTF-8"/>
    <property name="java.vm.name" value="OpenJDK 64-Bit Server VM"/>
    <property name="java.vendor.version" value="Homebrew"/>
    <property name="localRepository" value="/Users/sudarshanamelukote/.m2/repository"/>
    <property name="java.vendor.url.bug" value="https://github.com/Homebrew/homebrew-core/issues"/>
    <property name="java.io.tmpdir" value="/var/folders/2y/9b4mkvfs4391g9tb1p7313zw0000gn/T/"/>
    <property name="java.version" value="17.0.1"/>
    <property name="user.dir" value="/Users/sudarshanamelukote/quickstart-dataflow-java"/>
    <property name="os.arch" value="x86_64"/>
    <property name="java.vm.specification.name" value="Java Virtual Machine Specification"/>
    <property name="native.encoding" value="UTF-8"/>
    <property name="java.library.path" value="/Users/sudarshanamelukote/Library/Java/Extensions:/Library/Java/Extensions:/Network/Library/Java/Extensions:/System/Library/Java/Extensions:/usr/lib/java:."/>
    <property name="java.vm.info" value="mixed mode, sharing"/>
    <property name="java.vendor" value="Homebrew"/>
    <property name="java.vm.version" value="17.0.1+1"/>
    <property name="sun.io.unicode.encoding" value="UnicodeBig"/>
    <property name="socksNonProxyHosts" value="local|*.local|169.254/16|*.169.254/16"/>
    <property name="java.class.version" value="61.0"/>
  </properties>
  <testcase name="shouldAnswerWithTrue" classname="com.bayer.gcde.AppTest" time="0.002"/>
</testsuite>